<?xml version="1.0" encoding="UTF-8"?>
<robot generator="Robot 4.1.3 (Python 3.10.2 on darwin)" generated="20220314 11:34:18.736" rpa="false" schemaversion="2">
<suite id="s1" name="TestLogin" source="/Users/gavynpiver/Desktop/Python/SignUpGenius_Project/Tests/FunctionalityTests/TestLogin.robot">
<test id="s1-t1" name="TC Succesfully Log in">
<kw name="Start TestCase" library="CommonFunctionality" type="SETUP">
<kw name="Open Browser" library="SeleniumLibrary">
<arg>${url}</arg>
<arg>${browser}</arg>
<doc>Opens a new browser instance to the optional ``url``.</doc>
<msg timestamp="20220314 11:34:18.885" level="INFO">Opening browser 'chrome' to base url 'https://www.signupgenius.com/register'.</msg>
<status status="PASS" starttime="20220314 11:34:18.884" endtime="20220314 11:34:27.023"/>
</kw>
<kw name="Maximize Browser Window" library="SeleniumLibrary">
<doc>Maximizes current browser window.</doc>
<status status="PASS" starttime="20220314 11:34:27.026" endtime="20220314 11:34:27.809"/>
</kw>
<status status="PASS" starttime="20220314 11:34:18.884" endtime="20220314 11:34:27.814"/>
</kw>
<kw name="Input Email and Password and Login" library="LoginPage">
<kw name="Input Text" library="SeleniumLibrary">
<arg>${LoginPageEmailElement}</arg>
<arg>${email}</arg>
<doc>Types the given ``text`` into the text field identified by ``locator``.</doc>
<msg timestamp="20220314 11:34:27.821" level="INFO">Typing text 'gpiver@gmail.com' into text field 'xpath://input[@id='email']'.</msg>
<status status="PASS" starttime="20220314 11:34:27.818" endtime="20220314 11:34:28.468"/>
</kw>
<kw name="Input Text" library="SeleniumLibrary">
<arg>${LoginPagePasswordElement}</arg>
<arg>${password}</arg>
<doc>Types the given ``text`` into the text field identified by ``locator``.</doc>
<msg timestamp="20220314 11:34:28.468" level="INFO">Typing text 'Sugtest123!' into text field 'xpath://input[@id='pword']'.</msg>
<status status="PASS" starttime="20220314 11:34:28.468" endtime="20220314 11:34:28.678"/>
</kw>
<kw name="Click Element" library="SeleniumLibrary">
<arg>${LoginPageLoginButtonElement}</arg>
<doc>Click the element identified by ``locator``.</doc>
<msg timestamp="20220314 11:34:28.678" level="INFO">Clicking element 'xpath://input[@id='loginBtnId']'.</msg>
<status status="PASS" starttime="20220314 11:34:28.678" endtime="20220314 11:34:31.218"/>
</kw>
<kw name="Set Selenium Timeout" library="SeleniumLibrary">
<arg>3s</arg>
<doc>Sets the timeout that is used by various keywords.</doc>
<status status="PASS" starttime="20220314 11:34:31.219" endtime="20220314 11:34:31.222"/>
</kw>
<kw name="Wait Until Location Is Not" library="SeleniumLibrary">
<arg>${Login_URL}</arg>
<doc>Waits until the current URL is not ``location``.</doc>
<status status="PASS" starttime="20220314 11:34:31.223" endtime="20220314 11:34:31.250"/>
</kw>
<status status="PASS" starttime="20220314 11:34:27.816" endtime="20220314 11:34:31.250"/>
</kw>
<kw name="Finish TestCase" library="CommonFunctionality" type="TEARDOWN">
<kw name="Close Browser" library="SeleniumLibrary">
<doc>Closes the current browser.</doc>
<status status="PASS" starttime="20220314 11:34:31.251" endtime="20220314 11:34:31.346"/>
</kw>
<status status="PASS" starttime="20220314 11:34:31.251" endtime="20220314 11:34:31.346"/>
</kw>
<doc>This Login attempt should Pass</doc>
<tag>Should_Pass</tag>
<status status="PASS" starttime="20220314 11:34:18.884" endtime="20220314 11:34:31.346"/>
</test>
<test id="s1-t2" name="TC Login Fails - Incorrect Password">
<kw name="Start TestCase" library="CommonFunctionality" type="SETUP">
<kw name="Open Browser" library="SeleniumLibrary">
<arg>${url}</arg>
<arg>${browser}</arg>
<doc>Opens a new browser instance to the optional ``url``.</doc>
<msg timestamp="20220314 11:34:31.352" level="INFO">Opening browser 'chrome' to base url 'https://www.signupgenius.com/register'.</msg>
<status status="PASS" starttime="20220314 11:34:31.350" endtime="20220314 11:34:37.212"/>
</kw>
<kw name="Maximize Browser Window" library="SeleniumLibrary">
<doc>Maximizes current browser window.</doc>
<status status="PASS" starttime="20220314 11:34:37.213" endtime="20220314 11:34:37.881"/>
</kw>
<status status="PASS" starttime="20220314 11:34:31.350" endtime="20220314 11:34:37.882"/>
</kw>
<kw name="Correct Email and Incorrect Password" library="LoginPage">
<arg>testpassword</arg>
<doc>This test attempts to login with incorrect password. It fails if URL Redirects to Login Error Page</doc>
<kw name="Input Text" library="SeleniumLibrary">
<arg>${LoginPageEmailElement}</arg>
<arg>${email}</arg>
<doc>Types the given ``text`` into the text field identified by ``locator``.</doc>
<msg timestamp="20220314 11:34:37.886" level="INFO">Typing text 'gpiver@gmail.com' into text field 'xpath://input[@id='email']'.</msg>
<status status="PASS" starttime="20220314 11:34:37.885" endtime="20220314 11:34:38.594"/>
</kw>
<kw name="Input Text" library="SeleniumLibrary">
<arg>${LoginPagePasswordElement}</arg>
<arg>${wrong_password}</arg>
<doc>Types the given ``text`` into the text field identified by ``locator``.</doc>
<msg timestamp="20220314 11:34:38.594" level="INFO">Typing text 'testpassword' into text field 'xpath://input[@id='pword']'.</msg>
<status status="PASS" starttime="20220314 11:34:38.594" endtime="20220314 11:34:38.788"/>
</kw>
<kw name="Click Element" library="SeleniumLibrary">
<arg>${LoginPageLoginButtonElement}</arg>
<doc>Click the element identified by ``locator``.</doc>
<msg timestamp="20220314 11:34:38.789" level="INFO">Clicking element 'xpath://input[@id='loginBtnId']'.</msg>
<status status="PASS" starttime="20220314 11:34:38.788" endtime="20220314 11:34:41.437"/>
</kw>
<kw name="Set Selenium Timeout" library="SeleniumLibrary">
<arg>3s</arg>
<doc>Sets the timeout that is used by various keywords.</doc>
<status status="PASS" starttime="20220314 11:34:41.438" endtime="20220314 11:34:41.439"/>
</kw>
<kw name="Wait Until Location Is Not" library="SeleniumLibrary">
<arg>${Login_URL}</arg>
<doc>Waits until the current URL is not ``location``.</doc>
<msg timestamp="20220314 11:34:45.310" level="INFO" html="true">&lt;/td&gt;&lt;/tr&gt;&lt;tr&gt;&lt;td colspan="3"&gt;&lt;a href="selenium-screenshot-14.png"&gt;&lt;img src="selenium-screenshot-14.png" width="800px"&gt;&lt;/a&gt;</msg>
<msg timestamp="20220314 11:34:45.313" level="FAIL">Location is 'https://www.signupgenius.com/index.cfm?go=c.Login' in 3 seconds.</msg>
<status status="FAIL" starttime="20220314 11:34:41.439" endtime="20220314 11:34:45.313"/>
</kw>
<status status="FAIL" starttime="20220314 11:34:37.884" endtime="20220314 11:34:45.313"/>
</kw>
<kw name="Finish TestCase" library="CommonFunctionality" type="TEARDOWN">
<kw name="Close Browser" library="SeleniumLibrary">
<doc>Closes the current browser.</doc>
<status status="PASS" starttime="20220314 11:34:45.314" endtime="20220314 11:34:45.411"/>
</kw>
<status status="PASS" starttime="20220314 11:34:45.313" endtime="20220314 11:34:45.411"/>
</kw>
<doc>This Login attempt should Fail</doc>
<tag>Should_Fail</tag>
<status status="FAIL" starttime="20220314 11:34:31.349" endtime="20220314 11:34:45.411">Location is 'https://www.signupgenius.com/index.cfm?go=c.Login' in 3 seconds.</status>
</test>
<test id="s1-t3" name="TC Login Fails - Incorrect Email and Correct Password">
<kw name="Start TestCase" library="CommonFunctionality" type="SETUP">
<kw name="Open Browser" library="SeleniumLibrary">
<arg>${url}</arg>
<arg>${browser}</arg>
<doc>Opens a new browser instance to the optional ``url``.</doc>
<msg timestamp="20220314 11:34:45.412" level="INFO">Opening browser 'chrome' to base url 'https://www.signupgenius.com/register'.</msg>
<status status="PASS" starttime="20220314 11:34:45.412" endtime="20220314 11:34:51.296"/>
</kw>
<kw name="Maximize Browser Window" library="SeleniumLibrary">
<doc>Maximizes current browser window.</doc>
<status status="PASS" starttime="20220314 11:34:51.296" endtime="20220314 11:34:51.586"/>
</kw>
<status status="PASS" starttime="20220314 11:34:45.412" endtime="20220314 11:34:51.590"/>
</kw>
<kw name="Incorrect Email and Correct Password" library="LoginPage">
<arg>wrong@gmail.com</arg>
<doc>This test attempts to login with incorrect email. It fails if URL Redirects to Login Error Page</doc>
<kw name="Input Text" library="SeleniumLibrary">
<arg>${LoginPageEmailElement}</arg>
<arg>${wrong_email}</arg>
<doc>Types the given ``text`` into the text field identified by ``locator``.</doc>
<msg timestamp="20220314 11:34:51.595" level="INFO">Typing text 'wrong@gmail.com' into text field 'xpath://input[@id='email']'.</msg>
<status status="PASS" starttime="20220314 11:34:51.594" endtime="20220314 11:34:52.394"/>
</kw>
<kw name="Input Text" library="SeleniumLibrary">
<arg>${LoginPagePasswordElement}</arg>
<arg>${password}</arg>
<doc>Types the given ``text`` into the text field identified by ``locator``.</doc>
<msg timestamp="20220314 11:34:52.394" level="INFO">Typing text 'Sugtest123!' into text field 'xpath://input[@id='pword']'.</msg>
<status status="PASS" starttime="20220314 11:34:52.394" endtime="20220314 11:34:52.601"/>
</kw>
<kw name="Click Element" library="SeleniumLibrary">
<arg>${LoginPageLoginButtonElement}</arg>
<doc>Click the element identified by ``locator``.</doc>
<msg timestamp="20220314 11:34:52.602" level="INFO">Clicking element 'xpath://input[@id='loginBtnId']'.</msg>
<status status="PASS" starttime="20220314 11:34:52.602" endtime="20220314 11:34:55.518"/>
</kw>
<kw name="Set Selenium Timeout" library="SeleniumLibrary">
<arg>3s</arg>
<doc>Sets the timeout that is used by various keywords.</doc>
<status status="PASS" starttime="20220314 11:34:55.518" endtime="20220314 11:34:55.519"/>
</kw>
<kw name="Wait Until Location Is Not" library="SeleniumLibrary">
<arg>${Login_URL}</arg>
<doc>Waits until the current URL is not ``location``.</doc>
<msg timestamp="20220314 11:34:59.503" level="INFO" html="true">&lt;/td&gt;&lt;/tr&gt;&lt;tr&gt;&lt;td colspan="3"&gt;&lt;a href="selenium-screenshot-15.png"&gt;&lt;img src="selenium-screenshot-15.png" width="800px"&gt;&lt;/a&gt;</msg>
<msg timestamp="20220314 11:34:59.504" level="FAIL">Location is 'https://www.signupgenius.com/index.cfm?go=c.Login' in 3 seconds.</msg>
<status status="FAIL" starttime="20220314 11:34:55.519" endtime="20220314 11:34:59.504"/>
</kw>
<status status="FAIL" starttime="20220314 11:34:51.592" endtime="20220314 11:34:59.505"/>
</kw>
<kw name="Finish TestCase" library="CommonFunctionality" type="TEARDOWN">
<kw name="Close Browser" library="SeleniumLibrary">
<doc>Closes the current browser.</doc>
<status status="PASS" starttime="20220314 11:34:59.505" endtime="20220314 11:34:59.603"/>
</kw>
<status status="PASS" starttime="20220314 11:34:59.505" endtime="20220314 11:34:59.603"/>
</kw>
<doc>This Login attempt should Fail. Account Doesnt Exist</doc>
<tag>Should_Fail</tag>
<status status="FAIL" starttime="20220314 11:34:45.411" endtime="20220314 11:34:59.603">Location is 'https://www.signupgenius.com/index.cfm?go=c.Login' in 3 seconds.</status>
</test>
<test id="s1-t4" name="TC Login Fails - Incorrect Email Format and Correct Password">
<kw name="Start TestCase" library="CommonFunctionality" type="SETUP">
<kw name="Open Browser" library="SeleniumLibrary">
<arg>${url}</arg>
<arg>${browser}</arg>
<doc>Opens a new browser instance to the optional ``url``.</doc>
<msg timestamp="20220314 11:34:59.605" level="INFO">Opening browser 'chrome' to base url 'https://www.signupgenius.com/register'.</msg>
<status status="PASS" starttime="20220314 11:34:59.604" endtime="20220314 11:35:05.553"/>
</kw>
<kw name="Maximize Browser Window" library="SeleniumLibrary">
<doc>Maximizes current browser window.</doc>
<status status="PASS" starttime="20220314 11:35:05.553" endtime="20220314 11:35:06.096"/>
</kw>
<status status="PASS" starttime="20220314 11:34:59.604" endtime="20220314 11:35:06.096"/>
</kw>
<kw name="Incorrect Email Format and Correct Password" library="LoginPage">
<arg>wrongformat</arg>
<doc>This test attempts to login with wrong email format.</doc>
<kw name="Input Text" library="SeleniumLibrary">
<arg>${LoginPageEmailElement}</arg>
<arg>${wrong_emailformat}</arg>
<doc>Types the given ``text`` into the text field identified by ``locator``.</doc>
<msg timestamp="20220314 11:35:06.098" level="INFO">Typing text 'wrongformat' into text field 'xpath://input[@id='email']'.</msg>
<status status="PASS" starttime="20220314 11:35:06.097" endtime="20220314 11:35:07.027"/>
</kw>
<kw name="Input Text" library="SeleniumLibrary">
<arg>${LoginPagePasswordElement}</arg>
<arg>${password}</arg>
<doc>Types the given ``text`` into the text field identified by ``locator``.</doc>
<msg timestamp="20220314 11:35:07.028" level="INFO">Typing text 'Sugtest123!' into text field 'xpath://input[@id='pword']'.</msg>
<status status="PASS" starttime="20220314 11:35:07.028" endtime="20220314 11:35:07.246"/>
</kw>
<kw name="Click Element" library="SeleniumLibrary">
<arg>${LoginPageLoginButtonElement}</arg>
<doc>Click the element identified by ``locator``.</doc>
<msg timestamp="20220314 11:35:07.246" level="INFO">Clicking element 'xpath://input[@id='loginBtnId']'.</msg>
<status status="PASS" starttime="20220314 11:35:07.246" endtime="20220314 11:35:08.165"/>
</kw>
<kw name="Set Selenium Timeout" library="SeleniumLibrary">
<arg>3s</arg>
<doc>Sets the timeout that is used by various keywords.</doc>
<status status="PASS" starttime="20220314 11:35:08.166" endtime="20220314 11:35:08.167"/>
</kw>
<kw name="Wait Until Location Is" library="SeleniumLibrary">
<arg>${Login_URL}</arg>
<doc>Waits until the current URL is ``expected``.</doc>
<msg timestamp="20220314 11:35:12.132" level="INFO" html="true">&lt;/td&gt;&lt;/tr&gt;&lt;tr&gt;&lt;td colspan="3"&gt;&lt;a href="selenium-screenshot-16.png"&gt;&lt;img src="selenium-screenshot-16.png" width="800px"&gt;&lt;/a&gt;</msg>
<msg timestamp="20220314 11:35:12.133" level="FAIL">Location did not become 'https://www.signupgenius.com/index.cfm?go=c.Login' in 3 seconds.</msg>
<status status="FAIL" starttime="20220314 11:35:08.168" endtime="20220314 11:35:12.133"/>
</kw>
<status status="FAIL" starttime="20220314 11:35:06.097" endtime="20220314 11:35:12.134"/>
</kw>
<kw name="Finish TestCase" library="CommonFunctionality" type="TEARDOWN">
<kw name="Close Browser" library="SeleniumLibrary">
<doc>Closes the current browser.</doc>
<status status="PASS" starttime="20220314 11:35:12.134" endtime="20220314 11:35:12.230"/>
</kw>
<status status="PASS" starttime="20220314 11:35:12.134" endtime="20220314 11:35:12.230"/>
</kw>
<doc>This Login attempt should Fail. Incorrect email format</doc>
<tag>Should_Fail</tag>
<status status="FAIL" starttime="20220314 11:34:59.603" endtime="20220314 11:35:12.230">Location did not become 'https://www.signupgenius.com/index.cfm?go=c.Login' in 3 seconds.</status>
</test>
<status status="FAIL" starttime="20220314 11:34:18.742" endtime="20220314 11:35:12.233"/>
</suite>
<statistics>
<total>
<stat pass="1" fail="3" skip="0">All Tests</stat>
</total>
<tag>
<stat pass="0" fail="3" skip="0">Should_Fail</stat>
<stat pass="1" fail="0" skip="0">Should_Pass</stat>
</tag>
<suite>
<stat pass="1" fail="3" skip="0" id="s1" name="TestLogin">TestLogin</stat>
</suite>
</statistics>
<errors>
</errors>
</robot>
